Determining if the pthread_create exist failed with the following output:
Change Dir: /home/furuhata/catkin_ws/build/CMakeFiles/CMakeTmp

Run Build Command:"/usr/bin/make" "cmTC_6b62d/fast"
/usr/bin/make -f CMakeFiles/cmTC_6b62d.dir/build.make CMakeFiles/cmTC_6b62d.dir/build
make[1]: ディレクトリ '/home/furuhata/catkin_ws/build/CMakeFiles/CMakeTmp' に入ります
Building C object CMakeFiles/cmTC_6b62d.dir/CheckSymbolExists.c.o
/usr/bin/cc     -o CMakeFiles/cmTC_6b62d.dir/CheckSymbolExists.c.o   -c /home/furuhata/catkin_ws/build/CMakeFiles/CMakeTmp/CheckSymbolExists.c
Linking C executable cmTC_6b62d
/usr/bin/cmake -E cmake_link_script CMakeFiles/cmTC_6b62d.dir/link.txt --verbose=1
/usr/bin/cc       CMakeFiles/cmTC_6b62d.dir/CheckSymbolExists.c.o  -o cmTC_6b62d -rdynamic 
CMakeFiles/cmTC_6b62d.dir/CheckSymbolExists.c.o: 関数 `main' 内:
CheckSymbolExists.c:(.text+0x16): `pthread_create' に対する定義されていない参照です
collect2: error: ld returned 1 exit status
CMakeFiles/cmTC_6b62d.dir/build.make:97: ターゲット 'cmTC_6b62d' のレシピで失敗しました
make[1]: *** [cmTC_6b62d] エラー 1
make[1]: ディレクトリ '/home/furuhata/catkin_ws/build/CMakeFiles/CMakeTmp' から出ます
Makefile:126: ターゲット 'cmTC_6b62d/fast' のレシピで失敗しました
make: *** [cmTC_6b62d/fast] エラー 2

File /home/furuhata/catkin_ws/build/CMakeFiles/CMakeTmp/CheckSymbolExists.c:
/* */
#include <pthread.h>

int main(int argc, char** argv)
{
  (void)argv;
#ifndef pthread_create
  return ((int*)(&pthread_create))[argc];
#else
  (void)argc;
  return 0;
#endif
}

Determining if the function pthread_create exists in the pthreads failed with the following output:
Change Dir: /home/furuhata/catkin_ws/build/CMakeFiles/CMakeTmp

Run Build Command:"/usr/bin/make" "cmTC_dc149/fast"
/usr/bin/make -f CMakeFiles/cmTC_dc149.dir/build.make CMakeFiles/cmTC_dc149.dir/build
make[1]: ディレクトリ '/home/furuhata/catkin_ws/build/CMakeFiles/CMakeTmp' に入ります
Building C object CMakeFiles/cmTC_dc149.dir/CheckFunctionExists.c.o
/usr/bin/cc    -DCHECK_FUNCTION_EXISTS=pthread_create   -o CMakeFiles/cmTC_dc149.dir/CheckFunctionExists.c.o   -c /usr/share/cmake-3.5/Modules/CheckFunctionExists.c
Linking C executable cmTC_dc149
/usr/bin/cmake -E cmake_link_script CMakeFiles/cmTC_dc149.dir/link.txt --verbose=1
/usr/bin/cc   -DCHECK_FUNCTION_EXISTS=pthread_create    CMakeFiles/cmTC_dc149.dir/CheckFunctionExists.c.o  -o cmTC_dc149 -rdynamic -lpthreads 
/usr/bin/ld: -lpthreads が見つかりません
collect2: error: ld returned 1 exit status
CMakeFiles/cmTC_dc149.dir/build.make:97: ターゲット 'cmTC_dc149' のレシピで失敗しました
make[1]: *** [cmTC_dc149] エラー 1
make[1]: ディレクトリ '/home/furuhata/catkin_ws/build/CMakeFiles/CMakeTmp' から出ます
Makefile:126: ターゲット 'cmTC_dc149/fast' のレシピで失敗しました
make: *** [cmTC_dc149/fast] エラー 2


